<?xml version="1.0" encoding="UTF-8"?>
<coverage generated="1718412791259" clover="3.2.0">
  <project timestamp="1718412791259" name="All files">
    <metrics statements="80" coveredstatements="72" conditionals="7" coveredconditionals="6" methods="11" coveredmethods="10" elements="98" coveredelements="88" complexity="0" loc="80" ncloc="80" packages="5" files="6" classes="6"/>
    <package name="src">
      <metrics statements="28" coveredstatements="27" conditionals="0" coveredconditionals="0" methods="4" coveredmethods="4"/>
      <file name="routes.ts" path="/home/jerlibgnzlz/Documentos/PROYECTOS/FRONTEND/React/administrador_productos/apits/src/routes.ts">
        <metrics statements="14" coveredstatements="14" conditionals="0" coveredconditionals="0" methods="2" coveredmethods="2"/>
        <line num="1" count="2" type="stmt"/>
        <line num="2" count="2" type="stmt"/>
        <line num="3" count="2" type="stmt"/>
        <line num="4" count="2" type="stmt"/>
        <line num="6" count="2" type="stmt"/>
        <line num="9" count="2" type="stmt"/>
        <line num="11" count="2" type="stmt"/>
        <line num="19" count="2" type="stmt"/>
        <line num="24" count="3" type="stmt"/>
        <line num="29" count="2" type="stmt"/>
        <line num="36" count="5" type="stmt"/>
        <line num="42" count="2" type="stmt"/>
        <line num="48" count="2" type="stmt"/>
        <line num="57" count="2" type="stmt"/>
      </file>
      <file name="server.ts" path="/home/jerlibgnzlz/Documentos/PROYECTOS/FRONTEND/React/administrador_productos/apits/src/server.ts">
        <metrics statements="14" coveredstatements="13" conditionals="0" coveredconditionals="0" methods="2" coveredmethods="2"/>
        <line num="1" count="2" type="stmt"/>
        <line num="2" count="2" type="stmt"/>
        <line num="3" count="2" type="stmt"/>
        <line num="4" count="2" type="stmt"/>
        <line num="8" count="2" type="stmt"/>
        <line num="9" count="2" type="stmt"/>
        <line num="10" count="1" type="stmt"/>
        <line num="13" count="0" type="stmt"/>
        <line num="16" count="2" type="stmt"/>
        <line num="18" count="2" type="stmt"/>
        <line num="20" count="2" type="stmt"/>
        <line num="22" count="2" type="stmt"/>
        <line num="24" count="2" type="stmt"/>
        <line num="25" count="1" type="stmt"/>
      </file>
    </package>
    <package name="src.config">
      <metrics statements="5" coveredstatements="5" conditionals="0" coveredconditionals="0" methods="0" coveredmethods="0"/>
      <file name="db.ts" path="/home/jerlibgnzlz/Documentos/PROYECTOS/FRONTEND/React/administrador_productos/apits/src/config/db.ts">
        <metrics statements="5" coveredstatements="5" conditionals="0" coveredconditionals="0" methods="0" coveredmethods="0"/>
        <line num="1" count="2" type="stmt"/>
        <line num="2" count="2" type="stmt"/>
        <line num="3" count="2" type="stmt"/>
        <line num="5" count="2" type="stmt"/>
        <line num="7" count="2" type="stmt"/>
      </file>
    </package>
    <package name="src.handlers">
      <metrics statements="35" coveredstatements="28" conditionals="6" coveredconditionals="5" methods="6" coveredmethods="5"/>
      <file name="products.ts" path="/home/jerlibgnzlz/Documentos/PROYECTOS/FRONTEND/React/administrador_productos/apits/src/handlers/products.ts">
        <metrics statements="35" coveredstatements="28" conditionals="6" coveredconditionals="5" methods="6" coveredmethods="5"/>
        <line num="2" count="2" type="stmt"/>
        <line num="6" count="2" type="stmt"/>
        <line num="8" count="1" type="stmt"/>
        <line num="9" count="1" type="stmt"/>
        <line num="13" count="2" type="stmt"/>
        <line num="14" count="2" type="stmt"/>
        <line num="18" count="2" type="stmt"/>
        <line num="22" count="2" type="stmt"/>
        <line num="24" count="2" type="stmt"/>
        <line num="25" count="2" type="stmt"/>
        <line num="27" count="2" type="cond" truecount="2" falsecount="0"/>
        <line num="28" count="1" type="stmt"/>
        <line num="30" count="1" type="stmt"/>
        <line num="35" count="2" type="stmt"/>
        <line num="37" count="2" type="stmt"/>
        <line num="38" count="2" type="stmt"/>
        <line num="40" count="2" type="cond" truecount="2" falsecount="0"/>
        <line num="41" count="1" type="stmt"/>
        <line num="43" count="1" type="stmt"/>
        <line num="44" count="1" type="stmt"/>
        <line num="49" count="2" type="stmt"/>
        <line num="51" count="0" type="stmt"/>
        <line num="52" count="0" type="stmt"/>
        <line num="55" count="0" type="cond" truecount="0" falsecount="1"/>
        <line num="56" count="0" type="stmt"/>
        <line num="59" count="0" type="stmt"/>
        <line num="60" count="0" type="stmt"/>
        <line num="61" count="0" type="stmt"/>
        <line num="64" count="2" type="stmt"/>
        <line num="66" count="2" type="stmt"/>
        <line num="67" count="2" type="stmt"/>
        <line num="70" count="2" type="cond" truecount="1" falsecount="0"/>
        <line num="71" count="1" type="stmt"/>
        <line num="74" count="1" type="stmt"/>
        <line num="75" count="1" type="stmt"/>
      </file>
    </package>
    <package name="src.middlewares">
      <metrics statements="6" coveredstatements="6" conditionals="1" coveredconditionals="1" methods="1" coveredmethods="1"/>
      <file name="index.ts" path="/home/jerlibgnzlz/Documentos/PROYECTOS/FRONTEND/React/administrador_productos/apits/src/middlewares/index.ts">
        <metrics statements="6" coveredstatements="6" conditionals="1" coveredconditionals="1" methods="1" coveredmethods="1"/>
        <line num="2" count="2" type="stmt"/>
        <line num="6" count="2" type="stmt"/>
        <line num="7" count="14" type="stmt"/>
        <line num="8" count="14" type="cond" truecount="1" falsecount="0"/>
        <line num="9" count="7" type="stmt"/>
        <line num="11" count="7" type="stmt"/>
      </file>
    </package>
    <package name="src.models">
      <metrics statements="6" coveredstatements="6" conditionals="0" coveredconditionals="0" methods="0" coveredmethods="0"/>
      <file name="ProductModel.ts" path="/home/jerlibgnzlz/Documentos/PROYECTOS/FRONTEND/React/administrador_productos/apits/src/models/ProductModel.ts">
        <metrics statements="6" coveredstatements="6" conditionals="0" coveredconditionals="0" methods="0" coveredmethods="0"/>
        <line num="1" count="2" type="stmt"/>
        <line num="8" count="2" type="stmt"/>
        <line num="12" count="2" type="stmt"/>
        <line num="17" count="2" type="stmt"/>
        <line num="23" count="2" type="stmt"/>
        <line num="26" count="2" type="stmt"/>
      </file>
    </package>
  </project>
</coverage>
