TN:
SF:src/routes.ts
FN:24,(anonymous_0)
FN:36,(anonymous_1)
FNF:2
FNH:2
FNDA:3,(anonymous_0)
FNDA:5,(anonymous_1)
DA:1,2
DA:2,2
DA:3,2
DA:4,2
DA:6,2
DA:9,2
DA:11,2
DA:19,2
DA:24,3
DA:29,2
DA:36,5
DA:42,2
DA:48,2
DA:57,2
LF:14
LH:14
BRF:0
BRH:0
end_of_record
TN:
SF:src/server.ts
FN:7,connectDB
FN:24,(anonymous_2)
FNF:2
FNH:2
FNDA:2,connectDB
FNDA:1,(anonymous_2)
DA:1,2
DA:2,2
DA:3,2
DA:4,2
DA:8,2
DA:9,2
DA:10,1
DA:13,0
DA:16,2
DA:18,2
DA:20,2
DA:22,2
DA:24,2
DA:25,1
LF:14
LH:13
BRF:0
BRH:0
end_of_record
TN:
SF:src/config/db.ts
FNF:0
FNH:0
DA:1,2
DA:2,2
DA:3,2
DA:5,2
DA:7,2
LF:5
LH:5
BRF:0
BRH:0
end_of_record
TN:
SF:src/handlers/products.ts
FN:6,(anonymous_1)
FN:13,(anonymous_2)
FN:22,(anonymous_3)
FN:35,(anonymous_4)
FN:49,(anonymous_5)
FN:64,(anonymous_6)
FNF:6
FNH:5
FNDA:1,(anonymous_1)
FNDA:2,(anonymous_2)
FNDA:2,(anonymous_3)
FNDA:2,(anonymous_4)
FNDA:0,(anonymous_5)
FNDA:2,(anonymous_6)
DA:2,2
DA:6,2
DA:8,1
DA:9,1
DA:13,2
DA:14,2
DA:18,2
DA:22,2
DA:24,2
DA:25,2
DA:27,2
DA:28,1
DA:30,1
DA:35,2
DA:37,2
DA:38,2
DA:40,2
DA:41,1
DA:43,1
DA:44,1
DA:49,2
DA:51,0
DA:52,0
DA:55,0
DA:56,0
DA:59,0
DA:60,0
DA:61,0
DA:64,2
DA:66,2
DA:67,2
DA:70,2
DA:71,1
DA:74,1
DA:75,1
LF:35
LH:28
BRDA:27,0,0,1
BRDA:27,0,1,1
BRDA:40,1,0,1
BRDA:40,1,1,1
BRDA:55,2,0,0
BRDA:70,3,0,1
BRF:6
BRH:5
end_of_record
TN:
SF:src/middlewares/index.ts
FN:6,(anonymous_0)
FNF:1
FNH:1
FNDA:14,(anonymous_0)
DA:2,2
DA:6,2
DA:7,14
DA:8,14
DA:9,7
DA:11,7
LF:6
LH:6
BRDA:8,0,0,7
BRF:1
BRH:1
end_of_record
TN:
SF:src/models/ProductModel.ts
FNF:0
FNH:0
DA:1,2
DA:8,2
DA:12,2
DA:17,2
DA:23,2
DA:26,2
LF:6
LH:6
BRF:0
BRH:0
end_of_record
